<?xml version="1.0" encoding="UTF-8"?>
<!-- Generated by org.testng.reporters.JUnitReportReporter -->
<testsuite hostname="BULYAN" name="com.mycompany.promocalculator.test.TestValidation" tests="6" failures="0" timestamp="18 Feb 2014 15:50:41 GMT" time="0.220" errors="0">
  <testcase name="checkValidationGroupName" time="0.026" classname="com.mycompany.promocalculator.test.TestValidation"/>
  <testcase name="checkValidationGroupAmount" time="0.050" classname="com.mycompany.promocalculator.test.TestValidation"/>
  <testcase name="checkValidationProductName" time="0.033" classname="com.mycompany.promocalculator.test.TestValidation"/>
  <testcase name="checkValidationCommonCount" time="0.029" classname="com.mycompany.promocalculator.test.TestValidation"/>
  <testcase name="checkValidationProductAmount" time="0.021" classname="com.mycompany.promocalculator.test.TestValidation"/>
  <testcase name="checkValidationAmount" time="0.061" classname="com.mycompany.promocalculator.test.TestValidation"/>
</testsuite> <!-- com.mycompany.promocalculator.test.TestValidation -->
