<?xml version="1.0" encoding="UTF-8"?>
<!-- Generated by org.testng.reporters.JUnitReportReporter -->
<testsuite hostname="BULYAN" name="com.mycompany.promocalculator.test.TestCalculation" tests="7" failures="0" timestamp="18 Feb 2014 15:50:41 GMT" time="2.281" errors="0">
  <testcase name="test1condition" time="1.311" classname="com.mycompany.promocalculator.test.TestCalculation"/>
  <testcase name="test3condition" time="0.259" classname="com.mycompany.promocalculator.test.TestCalculation"/>
  <testcase name="test4condition" time="0.155" classname="com.mycompany.promocalculator.test.TestCalculation"/>
  <testcase name="test7condition" time="0.064" classname="com.mycompany.promocalculator.test.TestCalculation"/>
  <testcase name="test2condition" time="0.298" classname="com.mycompany.promocalculator.test.TestCalculation"/>
  <testcase name="test5condition" time="0.135" classname="com.mycompany.promocalculator.test.TestCalculation"/>
  <testcase name="test6condition" time="0.059" classname="com.mycompany.promocalculator.test.TestCalculation"/>
</testsuite> <!-- com.mycompany.promocalculator.test.TestCalculation -->
