<?xml version="1.0" encoding="UTF-8"?>
<!-- Generated by org.testng.reporters.JUnitReportReporter -->
<testsuite hostname="BULYAN" name="com.mycompany.promocalculator.test.TestValidations" tests="1" failures="0" timestamp="13 Feb 2014 14:05:07 GMT" time="0.187" errors="0">
  <testcase name="checkValidationAmount" time="0.187" classname="com.mycompany.promocalculator.test.TestValidations"/>
</testsuite> <!-- com.mycompany.promocalculator.test.TestValidations -->
