<?xml version="1.0" encoding="UTF-8"?>
<!-- Generated by org.testng.reporters.JUnitReportReporter -->
<testsuite hostname="BULYAN" name="com.mycompany.promocalculator.test.TestMainStart" tests="1" failures="0" timestamp="18 Feb 2014 15:50:41 GMT" time="0.007" errors="0">
  <testcase name="testShopMain" time="0.007" classname="com.mycompany.promocalculator.test.TestMainStart"/>
</testsuite> <!-- com.mycompany.promocalculator.test.TestMainStart -->
