<?xml version="1.0" encoding="UTF-8"?>
<!-- Generated by org.testng.reporters.JUnitReportReporter -->
<testsuite hostname="BULYAN" name="com.mycompany.promocalculator.test.TestCommand" tests="27" failures="0" timestamp="18 Feb 2014 15:50:41 GMT" time="11.616" errors="0">
  <testcase name="addproductIncorrectQuantityTest" time="0.035" classname="com.mycompany.promocalculator.test.TestCommand"/>
  <testcase name="editinvoiceTest" time="0.036" classname="com.mycompany.promocalculator.test.TestCommand"/>
  <testcase name="updateTestBadFileNameInvoice" time="0.101" classname="com.mycompany.promocalculator.test.TestCommand"/>
  <testcase name="updateTestCorruptedinvoiceInvoice" time="0.084" classname="com.mycompany.promocalculator.test.TestCommand"/>
  <testcase name="updateTest" time="0.104" classname="com.mycompany.promocalculator.test.TestCommand"/>
  <testcase name="removeproductNotExistingTest" time="0.032" classname="com.mycompany.promocalculator.test.TestCommand"/>
  <testcase name="recountTest" time="0.135" classname="com.mycompany.promocalculator.test.TestCommand"/>
  <testcase name="testTest" time="0.032" classname="com.mycompany.promocalculator.test.TestCommand"/>
  <testcase name="showNotExistingdiscountTest" time="0.089" classname="com.mycompany.promocalculator.test.TestCommand"/>
  <testcase name="finishTest" time="0.032" classname="com.mycompany.promocalculator.test.TestCommand"/>
  <testcase name="deleteInvoiceTest" time="0.032" classname="com.mycompany.promocalculator.test.TestCommand"/>
  <testcase name="deleteAllInvoiceAndAddProductToAutocreatedTest" time="0.093" classname="com.mycompany.promocalculator.test.TestCommand"/>
  <testcase name="addproductNotExistingNameTest" time="0.044" classname="com.mycompany.promocalculator.test.TestCommand"/>
  <testcase name="createinvoiceTest" time="0.103" classname="com.mycompany.promocalculator.test.TestCommand"/>
  <testcase name="qTest" time="0.062" classname="com.mycompany.promocalculator.test.TestCommand"/>
  <testcase name="showCommandListTest" time="0.038" classname="com.mycompany.promocalculator.test.TestCommand"/>
  <testcase name="editInvoiceNotExistingNameTest" time="0.044" classname="com.mycompany.promocalculator.test.TestCommand"/>
  <testcase name="showPriceListTest" time="0.047" classname="com.mycompany.promocalculator.test.TestCommand"/>
  <testcase name="deleteNotExistingInvoiceTest" time="0.027" classname="com.mycompany.promocalculator.test.TestCommand"/>
  <testcase name="removeproductTest" time="0.039" classname="com.mycompany.promocalculator.test.TestCommand"/>
  <testcase name="removeproductNotExistingInPriceTest" time="0.035" classname="com.mycompany.promocalculator.test.TestCommand"/>
  <testcase name="createInvoiceWithExistingNameTest" time="0.037" classname="com.mycompany.promocalculator.test.TestCommand"/>
  <testcase name="changeDiscountStateFromFileTest" time="10.079" classname="com.mycompany.promocalculator.test.TestCommand"/>
  <testcase name="countTest" time="0.128" classname="com.mycompany.promocalculator.test.TestCommand"/>
  <testcase name="addproductTest" time="0.068" classname="com.mycompany.promocalculator.test.TestCommand"/>
  <testcase name="showdiscountTest" time="0.032" classname="com.mycompany.promocalculator.test.TestCommand"/>
  <testcase name="showOneInvoiceTest" time="0.028" classname="com.mycompany.promocalculator.test.TestCommand"/>
</testsuite> <!-- com.mycompany.promocalculator.test.TestCommand -->
