<?xml version="1.0" encoding="UTF-8" ?>
<testsuite failures="0" time="1.103" errors="0" skipped="0" tests="14" name="TestSuite">
  <properties>
    <property name="java.runtime.name" value="Java(TM) SE Runtime Environment"/>
    <property name="sun.boot.library.path" value="C:\Java\jdk1.7.0_51\jre\bin"/>
    <property name="java.vm.version" value="24.51-b03"/>
    <property name="java.vm.vendor" value="Oracle Corporation"/>
    <property name="java.vendor.url" value="http://java.oracle.com/"/>
    <property name="path.separator" value=";"/>
    <property name="guice.disable.misplaced.annotation.check" value="true"/>
    <property name="java.vm.name" value="Java HotSpot(TM) 64-Bit Server VM"/>
    <property name="file.encoding.pkg" value="sun.io"/>
    <property name="user.script" value=""/>
    <property name="user.country" value="US"/>
    <property name="sun.java.launcher" value="SUN_STANDARD"/>
    <property name="sun.os.patch.level" value=""/>
    <property name="java.vm.specification.name" value="Java Virtual Machine Specification"/>
    <property name="user.dir" value="C:\eclipse\workspace\mycalculate"/>
    <property name="java.runtime.version" value="1.7.0_51-b13"/>
    <property name="java.awt.graphicsenv" value="sun.awt.Win32GraphicsEnvironment"/>
    <property name="java.endorsed.dirs" value="C:\Java\jdk1.7.0_51\jre\lib\endorsed"/>
    <property name="os.arch" value="amd64"/>
    <property name="java.io.tmpdir" value="C:\Users\DMITRY~1.BUL\AppData\Local\Temp\"/>
    <property name="line.separator" value="
"/>
    <property name="java.vm.specification.vendor" value="Oracle Corporation"/>
    <property name="user.variant" value=""/>
    <property name="os.name" value="Windows 8"/>
    <property name="classworlds.conf" value="C:\eclipse\workspace\.metadata\.plugins\org.eclipse.m2e.launching\launches\m2conf6821024975362259413.tmp"/>
    <property name="sun.jnu.encoding" value="Cp1251"/>
    <property name="java.library.path" value="C:\Java\jdk1.7.0_51\jre\bin;C:\WINDOWS\Sun\Java\bin;C:\WINDOWS\system32;C:\WINDOWS;C:\WINDOWS\system32;C:\WINDOWS;C:\WINDOWS\System32\Wbem;C:\WINDOWS\System32\WindowsPowerShell\v1.0\;C:\Program Files\TortoiseGit\bin;C:\apache-maven-3.1.1\bin;C:\Java\jdk1.7.0_51\bin;;."/>
    <property name="java.specification.name" value="Java Platform API Specification"/>
    <property name="java.class.version" value="51.0"/>
    <property name="sun.management.compiler" value="HotSpot 64-Bit Tiered Compilers"/>
    <property name="os.version" value="6.2"/>
    <property name="user.home" value="C:\Users\dmitry.bulyan"/>
    <property name="user.timezone" value="Europe/Helsinki"/>
    <property name="java.awt.printerjob" value="sun.awt.windows.WPrinterJob"/>
    <property name="java.specification.version" value="1.7"/>
    <property name="file.encoding" value="Cp1251"/>
    <property name="user.name" value="dmitry.bulyan"/>
    <property name="java.class.path" value="/C:/Users/dmitry.bulyan/.eclipse/org.eclipse.platform_4.3.0_1770938306_win32_win32_x86_64/configuration/org.eclipse.osgi/bundles/231/1/.cp/jars/plexus-classworlds-2.4.jar"/>
    <property name="java.vm.specification.version" value="1.7"/>
    <property name="sun.arch.data.model" value="64"/>
    <property name="java.home" value="C:\Java\jdk1.7.0_51\jre"/>
    <property name="sun.java.command" value="org.codehaus.plexus.classworlds.launcher.Launcher -B package"/>
    <property name="java.specification.vendor" value="Oracle Corporation"/>
    <property name="user.language" value="en"/>
    <property name="awt.toolkit" value="sun.awt.windows.WToolkit"/>
    <property name="java.vm.info" value="mixed mode"/>
    <property name="java.version" value="1.7.0_51"/>
    <property name="java.ext.dirs" value="C:\Java\jdk1.7.0_51\jre\lib\ext;C:\WINDOWS\Sun\Java\lib\ext"/>
    <property name="sun.boot.class.path" value="C:\Java\jdk1.7.0_51\jre\lib\resources.jar;C:\Java\jdk1.7.0_51\jre\lib\rt.jar;C:\Java\jdk1.7.0_51\jre\lib\sunrsasign.jar;C:\Java\jdk1.7.0_51\jre\lib\jsse.jar;C:\Java\jdk1.7.0_51\jre\lib\jce.jar;C:\Java\jdk1.7.0_51\jre\lib\charsets.jar;C:\Java\jdk1.7.0_51\jre\lib\jfr.jar;C:\Java\jdk1.7.0_51\jre\classes"/>
    <property name="java.vendor" value="Oracle Corporation"/>
    <property name="maven.home" value="C:\eclipse\workspace\mycalculate\EMBEDDED"/>
    <property name="file.separator" value="\"/>
    <property name="java.vendor.url.bug" value="http://bugreport.sun.com/bugreport/"/>
    <property name="maven.bootclasspath" value="/C:/Users/dmitry.bulyan/.eclipse/org.eclipse.platform_4.3.0_1770938306_win32_win32_x86_64/configuration/org.eclipse.osgi/bundles/231/1/.cp/jars/plexus-classworlds-2.4.jar"/>
    <property name="sun.cpu.endian" value="little"/>
    <property name="sun.io.unicode.encoding" value="UnicodeLittle"/>
    <property name="sun.desktop" value="windows"/>
    <property name="sun.cpu.isalist" value="amd64"/>
  </properties>
  <testcase time="0.085" classname="com.mycompany.promocalculator.test.TestCalculation" name="test1condition"/>
  <testcase time="0.039" classname="com.mycompany.promocalculator.test.TestCalculation" name="test2condition"/>
  <testcase time="0.032" classname="com.mycompany.promocalculator.test.TestCalculation" name="test3condition"/>
  <testcase time="0.054" classname="com.mycompany.promocalculator.test.TestCalculation" name="test4condition"/>
  <testcase time="0.035" classname="com.mycompany.promocalculator.test.TestCalculation" name="test5condition"/>
  <testcase time="0.019" classname="com.mycompany.promocalculator.test.TestCalculation" name="test6condition"/>
  <testcase time="0.022" classname="com.mycompany.promocalculator.test.TestCalculation" name="test7condition"/>
  <testcase time="0.178" classname="com.mycompany.promocalculator.test.TestCommand" name="commandsTest"/>
  <testcase time="0" classname="com.mycompany.promocalculator.test.TestValidations" name="checkValidationAmount"/>
  <testcase time="0" classname="com.mycompany.promocalculator.test.TestValidations" name="checkValidationCommonCount"/>
  <testcase time="0" classname="com.mycompany.promocalculator.test.TestValidations" name="checkValidationGroupAmount"/>
  <testcase time="0" classname="com.mycompany.promocalculator.test.TestValidations" name="checkValidationGroupName"/>
  <testcase time="0" classname="com.mycompany.promocalculator.test.TestValidations" name="checkValidationProductAmount"/>
  <testcase time="0.001" classname="com.mycompany.promocalculator.test.TestValidations" name="checkValidationProductName"/>
</testsuite>