<?xml version="1.0" encoding="UTF-8"?>
<!-- Generated by org.testng.reporters.JUnitReportReporter -->
<testsuite hostname="BULYAN" name="com.mycompany.promocalculator.test.TestCommand" tests="1" failures="0" timestamp="10 Feb 2014 10:38:54 GMT" time="0.178" errors="0">
  <testcase name="commandsTest" time="0.178" classname="com.mycompany.promocalculator.test.TestCommand"/>
</testsuite>
