<?xml version="1.0" encoding="UTF-8"?>
<!-- Generated by org.testng.reporters.JUnitReportReporter -->
<testsuite hostname="BULYAN" name="com.mycompany.promocalculator.test.TestCalculation" tests="7" failures="0" timestamp="10 Feb 2014 10:38:54 GMT" time="0.289" errors="0">
  <testcase name="test1condition" time="0.086" classname="com.mycompany.promocalculator.test.TestCalculation"/>
  <testcase name="test7condition" time="0.023" classname="com.mycompany.promocalculator.test.TestCalculation"/>
  <testcase name="test5condition" time="0.036" classname="com.mycompany.promocalculator.test.TestCalculation"/>
  <testcase name="test2condition" time="0.039" classname="com.mycompany.promocalculator.test.TestCalculation"/>
  <testcase name="test4condition" time="0.054" classname="com.mycompany.promocalculator.test.TestCalculation"/>
  <testcase name="test6condition" time="0.019" classname="com.mycompany.promocalculator.test.TestCalculation"/>
  <testcase name="test3condition" time="0.032" classname="com.mycompany.promocalculator.test.TestCalculation"/>
</testsuite>
