<?xml version="1.0" encoding="UTF-8"?>
<!-- Generated by org.testng.reporters.JUnitReportReporter -->
<testsuite hostname="BULYAN" name="com.mycompany.promocalculator.test.TestValidations" tests="6" failures="0" timestamp="10 Feb 2014 10:38:54 GMT" time="0.005" errors="0">
  <testcase name="checkValidationGroupAmount" time="0.001" classname="com.mycompany.promocalculator.test.TestValidations"/>
  <testcase name="checkValidationCommonCount" time="0.000" classname="com.mycompany.promocalculator.test.TestValidations"/>
  <testcase name="checkValidationProductAmount" time="0.001" classname="com.mycompany.promocalculator.test.TestValidations"/>
  <testcase name="checkValidationGroupName" time="0.002" classname="com.mycompany.promocalculator.test.TestValidations"/>
  <testcase name="checkValidationProductName" time="0.001" classname="com.mycompany.promocalculator.test.TestValidations"/>
  <testcase name="checkValidationAmount" time="0.000" classname="com.mycompany.promocalculator.test.TestValidations"/>
</testsuite>
